Added Component: Designator=D1(LED0805)
Added Component: Designator=P1(Pad)
Added Component: Designator=P2(Pad)
Added Component: Designator=P3(Pad)
Added Component: Designator=S1(STMW)
Added Component: Designator=S2(STMW)
Added Component: Designator=S3(STMW)
Added Component: Designator=S4(STMW)
Added Pin To Net: NetName=NetD1_1 Pin=D1-1
Added Net: Name=NetD1_1
Added Pin To Net: NetName=NetD1_2 Pin=D1-2
Added Pin To Net: NetName=NetD1_2 Pin=S3-2
Added Pin To Net: NetName=NetD1_2 Pin=S3-2
Added Net: Name=NetD1_2
Added Pin To Net: NetName=NetP2_1 Pin=S3-1
Added Pin To Net: NetName=NetP2_1 Pin=S3-1
Added Pin To Net: NetName=NetP2_1 Pin=S3-1
Added Net: Name=NetP2_1
Added Class: Name=plata_nizhn
Added Room: Name=plata_nizhn
