Added Component: Designator=D1(LED0805)
Added Component: Designator=D2(LED0805)
Added Component: Designator=D3(LED0805)
Added Component: Designator=D4(LED0805)
Added Component: Designator=P1(Pad)
Added Component: Designator=P2(Pad)
Added Component: Designator=P3(Pad)
Added Component: Designator=P4(HDR1X7)
Added Component: Designator=S1(STMW)
Added Component: Designator=S2(STMW)
Added Component: Designator=S3(STMW)
Added Component: Designator=S4(STMW)
Added Component: Designator=S5(STMW)
Added Component: Designator=S6(STMW)
Added Component: Designator=S7(STMW)
Added Component: Designator=S8(STMW)
Added Component: Designator=S9(STMW)
Added Component: Designator=S10(STMW)
Added Component: Designator=S11(STMW)
Added Component: Designator=S12(STMW)
Added Component: Designator=S13(STMW)
Added Component: Designator=S14(STMW)
Added Component: Designator=S15(STMW)
Added Pin To Net: NetName=NetD1_1 Pin=D1-1
Added Pin To Net: NetName=NetD1_2 Pin=D1-2
Added Pin To Net: NetName=LED4 Pin=D2-1
Added Pin To Net: NetName=GND Pin=D2-2
Added Pin To Net: NetName=LED1 Pin=D3-1
Added Pin To Net: NetName=GND Pin=D3-2
Added Pin To Net: NetName=LED2 Pin=D4-1
Added Pin To Net: NetName=GND Pin=D4-2
Added Pin To Net: NetName=NetD1_1 Pin=P1-1
Added Pin To Net: NetName=NetP2_1 Pin=P2-1
Added Pin To Net: NetName=NetD1_2 Pin=P3-1
Added Pin To Net: NetName=A2 Pin=P4-1
Added Pin To Net: NetName=LED2 Pin=P4-2
Added Pin To Net: NetName=A1 Pin=P4-3
Added Pin To Net: NetName=LED1 Pin=P4-4
Added Pin To Net: NetName=GND Pin=P4-5
Added Pin To Net: NetName=A4 Pin=P4-6
Added Pin To Net: NetName=LED4 Pin=P4-7
Added Pin To Net: NetName=NetP2_1 Pin=S3-1
Added Pin To Net: NetName=NetP2_1 Pin=S3-1
Added Pin To Net: NetName=NetD1_2 Pin=S3-2
Added Pin To Net: NetName=NetD1_2 Pin=S3-2
Added Pin To Net: NetName=A4 Pin=S7-1
Added Pin To Net: NetName=A4 Pin=S7-1
Added Pin To Net: NetName=GND Pin=S7-2
Added Pin To Net: NetName=GND Pin=S7-2
Added Pin To Net: NetName=A1 Pin=S13-1
Added Pin To Net: NetName=A1 Pin=S13-1
Added Pin To Net: NetName=GND Pin=S13-2
Added Pin To Net: NetName=GND Pin=S13-2
Added Pin To Net: NetName=A2 Pin=S15-1
Added Pin To Net: NetName=A2 Pin=S15-1
Added Pin To Net: NetName=GND Pin=S15-2
Added Pin To Net: NetName=GND Pin=S15-2
Added Member To Class: ClassName=plata_nizhn Member=Component D1 LED0
Added Member To Class: ClassName=plata_sredn Member=Component D2 LED0
Added Member To Class: ClassName=plata_sredn Member=Component D3 LED0
Added Member To Class: ClassName=plata_sredn Member=Component D4 LED0
Added Member To Class: ClassName=plata_nizhn Member=Component P1 2.14 pad
Added Member To Class: ClassName=plata_nizhn Member=Component P2 2.14 pad
Added Member To Class: ClassName=plata_nizhn Member=Component P3 2.14 pad
Added Member To Class: ClassName=plata_sredn Member=Component P4 Header 7
Added Member To Class: ClassName=plata_nizhn Member=Component S1 B
Added Member To Class: ClassName=plata_nizhn Member=Component S2 C
Added Member To Class: ClassName=plata_nizhn Member=Component S3 E
Added Member To Class: ClassName=plata_nizhn Member=Component S4 M
Added Member To Class: ClassName=plata_sredn Member=Component S5 Ê
Added Member To Class: ClassName=plata_sredn Member=Component S6 Î
Added Member To Class: ClassName=plata_sredn Member=Component S7 Ì
Added Member To Class: ClassName=plata_sredn Member=Component S8 Ó
Added Member To Class: ClassName=plata_sredn Member=Component S9 Ã
Added Member To Class: ClassName=plata_sredn Member=Component S10 Î
Added Member To Class: ClassName=plata_sredn Member=Component S11 Ë
Added Member To Class: ClassName=plata_sredn Member=Component S12 Î
Added Member To Class: ClassName=plata_sredn Member=Component S13 Â
Added Member To Class: ClassName=plata_sredn Member=Component S14 Ó
Added Member To Class: ClassName=plata_sredn Member=Component S15 Ñ
Added Room: Name=plata_nizhn
Added Room: Name=plata_sredn
Added Room: Name=plata_verhn
